C:\USERS\HANYI\MP77-S-GLEX\MP77-S-GLEX.EXE
C:\Users\hanyi\Mp77-s-GLEx\Mp77-s-GLEx.exp
C:\USERS\HANYI\MP77-S-GLEX\MP77-S-GLEX.ILK
C:\Users\hanyi\Mp77-s-GLEx\Mp77-s-GLEx.lib
C:\USERS\HANYI\MP77-S-GLEX\MP77-S-GLEX.PDB
C:\Users\hanyi\Mp77-s-GLEx\Mp77-s-GLEx\Debug\cl.command.1.tlog
C:\Users\hanyi\Mp77-s-GLEx\Mp77-s-GLEx\Debug\CL.read.1.tlog
C:\Users\hanyi\Mp77-s-GLEx\Mp77-s-GLEx\Debug\CL.write.1.tlog
C:\Users\hanyi\Mp77-s-GLEx\Mp77-s-GLEx\Debug\custombuild.command.1.tlog
C:\Users\hanyi\Mp77-s-GLEx\Mp77-s-GLEx\Debug\custombuild.read.1.tlog
C:\Users\hanyi\Mp77-s-GLEx\Mp77-s-GLEx\Debug\custombuild.write.1.tlog
C:\USERS\HANYI\MP77-S-GLEX\MP77-S-GLEX\DEBUG\FREETYPE.OBJ
C:\USERS\HANYI\MP77-S-GLEX\MP77-S-GLEX\DEBUG\GLEX.OBJ
C:\USERS\HANYI\MP77-S-GLEX\MP77-S-GLEX\DEBUG\GLEXARCBALL.OBJ
C:\USERS\HANYI\MP77-S-GLEX\MP77-S-GLEX\DEBUG\GLEXFOG.OBJ
C:\USERS\HANYI\MP77-S-GLEX\MP77-S-GLEX\DEBUG\GLEXFREETYPE.OBJ
C:\USERS\HANYI\MP77-S-GLEX\MP77-S-GLEX\DEBUG\GLEXLIGHT.OBJ
C:\USERS\HANYI\MP77-S-GLEX\MP77-S-GLEX\DEBUG\GLEXMAINVIEW.OBJ
C:\USERS\HANYI\MP77-S-GLEX\MP77-S-GLEX\DEBUG\GLEXMATH.OBJ
C:\USERS\HANYI\MP77-S-GLEX\MP77-S-GLEX\DEBUG\GLEXSYSTEMINFO.OBJ
C:\USERS\HANYI\MP77-S-GLEX\MP77-S-GLEX\DEBUG\GLEXTERRAIN.OBJ
C:\Users\hanyi\Mp77-s-GLEx\Mp77-s-GLEx\Debug\link.command.1.tlog
C:\Users\hanyi\Mp77-s-GLEx\Mp77-s-GLEx\Debug\link.read.1.tlog
C:\Users\hanyi\Mp77-s-GLEx\Mp77-s-GLEx\Debug\link.write.1.tlog
C:\USERS\HANYI\MP77-S-GLEX\MP77-S-GLEX\DEBUG\MAIN.OBJ
C:\USERS\HANYI\MP77-S-GLEX\MP77-S-GLEX\DEBUG\MOC_GLEX.OBJ
C:\USERS\HANYI\MP77-S-GLEX\MP77-S-GLEX\DEBUG\MOC_GLEXMAINVIEW.OBJ
C:\USERS\HANYI\MP77-S-GLEX\MP77-S-GLEX\DEBUG\MP77-S-GLEX.EXE.INTERMEDIATE.MANIFEST
C:\Users\hanyi\Mp77-s-GLEx\Mp77-s-GLEx\Debug\Mp77-s-GLEx.vcxprojResolveAssemblyReference.cache
C:\Users\hanyi\Mp77-s-GLEx\Mp77-s-GLEx\Debug\Mp77-s-GLEx.write.1.tlog
C:\Users\hanyi\Mp77-s-GLEx\Mp77-s-GLEx\Debug\mt.command.1.tlog
C:\Users\hanyi\Mp77-s-GLEx\Mp77-s-GLEx\Debug\mt.read.1.tlog
C:\Users\hanyi\Mp77-s-GLEx\Mp77-s-GLEx\Debug\mt.write.1.tlog
C:\USERS\HANYI\MP77-S-GLEX\MP77-S-GLEX\DEBUG\QRC_GLEX.OBJ
C:\USERS\HANYI\MP77-S-GLEX\MP77-S-GLEX\DEBUG\STDAFX.OBJ
C:\USERS\HANYI\MP77-S-GLEX\MP77-S-GLEX\DEBUG\VC100.PDB
C:\USERS\HANYI\MP77-S-GLEX\MP77-S-GLEX\GENERATEDFILES\DEBUG\MOC_GLEX.CPP
C:\USERS\HANYI\MP77-S-GLEX\MP77-S-GLEX\GENERATEDFILES\DEBUG\MOC_GLEXMAINVIEW.CPP
C:\USERS\HANYI\MP77-S-GLEX\MP77-S-GLEX\GENERATEDFILES\QRC_GLEX.CPP
C:\USERS\HANYI\MP77-S-GLEX\MP77-S-GLEX\GENERATEDFILES\UI_GLEX.H
